[2021-11-12T00:42:12.546] [INFO] info - SERVER UP 8080
[2021-11-12T00:44:22.302] [INFO] info - SERVER UP 8080
[2021-11-12T00:46:50.907] [INFO] info - SERVER UP 8080
[2021-11-12T00:56:33.585] [INFO] info - SERVER UP 8080
[2021-11-12T00:58:23.823] [INFO] info - SERVER UP 8080
[2021-11-12T01:00:53.056] [INFO] info - SERVER UP 8080
[2021-11-12T19:59:19.630] [INFO] info - SERVER UP 8080
[2021-11-12T20:06:31.438] [INFO] info - SERVER UP 8080
[2021-11-12T20:07:10.501] [INFO] info - SERVER UP 8080
[2021-11-12T20:25:13.508] [INFO] info - SERVER UP 8080
[2021-11-12T20:29:06.006] [INFO] info - SERVER UP 8080
[2021-11-12T20:34:04.264] [INFO] info - SERVER UP 8080
[2021-11-12T20:34:41.215] [INFO] info - SERVER UP 8080
[2021-11-12T20:36:36.547] [INFO] info - SERVER UP 8080
[2021-11-12T20:36:40.106] [INFO] info - Error en usuario y/o contraseña
[2021-11-12T20:37:10.972] [INFO] info - SERVER UP 8080
[2021-11-12T20:37:22.484] [INFO] info - SERVER UP 8080
[2021-11-12T20:38:33.940] [INFO] info - SERVER UP 8080
[2021-11-12T20:38:52.449] [INFO] info - SERVER UP 8080
[2021-11-12T20:39:03.662] [INFO] info - SERVER UP 8080
[2021-11-12T20:40:10.595] [INFO] info - SERVER UP 8080
[2021-11-12T20:40:22.991] [INFO] info - SERVER UP 8080
[2021-11-12T20:40:37.313] [INFO] info - SERVER UP 8080
[2021-11-12T20:43:02.069] [INFO] info - SERVER UP 8080
[2021-11-12T20:43:04.046] [INFO] info - SERVER UP 8080
[2021-11-12T20:43:19.130] [INFO] info - SERVER UP 8080
[2021-11-12T20:57:43.905] [INFO] info - SERVER UP 8080
[2021-11-12T20:57:53.809] [INFO] info - Error en usuario y/o contraseña
[2021-11-13T23:15:57.317] [INFO] info - SERVER UP 8080
[2021-11-13T23:19:58.437] [INFO] info - SERVER UP 8080
[2021-11-13T23:21:18.479] [INFO] info - User log ignaciokakazuuuu@gmail.com
[2021-11-13T23:22:01.722] [INFO] info - SERVER UP 8080
[2021-11-13T23:22:16.362] [INFO] info - e.message
[2021-11-13T23:22:27.340] [INFO] info - e.message
[2021-11-13T23:23:32.095] [INFO] info - SERVER UP 8080
[2021-11-13T23:23:38.537] [INFO] info - Error en confirmación de password
[2021-11-13T23:24:56.707] [INFO] info - SERVER UP 8080
[2021-11-13T23:25:03.455] [INFO] info - Error en confirmación de password
[2021-11-13T23:25:37.731] [INFO] info - Error en confirmación de password
[2021-11-13T23:26:53.702] [INFO] info - SERVER UP 8080
[2021-11-13T23:26:53.755] [INFO] info - Error en confirmación de password
[2021-11-13T23:27:25.238] [INFO] info - SERVER UP 8080
[2021-11-13T23:27:26.908] [INFO] info - Error en confirmación de password
[2021-11-13T23:27:37.359] [INFO] info - User log ignaciokakazua@gmail.com
[2021-11-13T23:27:37.361] [INFO] info - Usuario ignaciokakazua@gmail.com dado de alta Sat Nov 13 2021 23:27:37 GMT-0300 (hora estándar de Argentina)
[2021-11-13T23:27:37.481] [INFO] info - New user [object Object]
[2021-11-13T23:27:40.455] [INFO] info - User log ignaciokakazua@gmail.com
[2021-11-13T23:27:40.456] [INFO] info - Usuario ignaciokakazua@gmail.com dado de alta Sat Nov 13 2021 23:27:40 GMT-0300 (hora estándar de Argentina)
[2021-11-13T23:27:40.598] [INFO] info - New user [object Object]
[2021-11-13T23:30:15.449] [INFO] info - SERVER UP 8080
[2021-11-13T23:30:19.360] [INFO] info - User log ignaciokakazua@gmail.com
[2021-11-13T23:30:19.361] [INFO] info - Usuario ignaciokakazua@gmail.com dado de alta Sat Nov 13 2021 23:30:19 GMT-0300 (hora estándar de Argentina)
[2021-11-13T23:30:19.475] [INFO] info - New user [object Object]
[2021-11-13T23:31:55.616] [INFO] info - SERVER UP 8080
[2021-11-13T23:32:27.810] [INFO] info - User log ignaciokakazu@gmail.com
[2021-11-13T23:32:27.812] [INFO] info - Error. Usuario existente
[2021-11-13T23:32:59.892] [INFO] info - User log ignaciokakazu@gmail.com
[2021-11-13T23:33:00.000] [INFO] info - Error en usuario y/o contraseña
[2021-11-14T00:30:17.936] [INFO] info - SERVER UP 8080
[2021-11-14T01:04:35.926] [INFO] info - SERVER UP 8080
[2021-11-14T01:09:09.838] [INFO] info - SERVER UP 8080
[2021-11-14T01:10:52.842] [INFO] info - SERVER UP 8080
[2021-11-14T01:11:42.461] [INFO] info - SERVER UP 8080
[2021-11-14T01:21:04.276] [INFO] info - SERVER UP 8080
[2021-11-14T02:03:58.829] [INFO] info - SERVER UP 8080
[2021-11-14T02:09:30.971] [INFO] info - SERVER UP 8080
[2021-11-14T02:14:13.787] [INFO] info - SERVER UP 8080
[2021-11-14T02:14:39.436] [INFO] info - SERVER UP 8080
[2021-11-14T02:16:31.399] [INFO] info - SERVER UP 8080
[2021-11-14T02:18:22.080] [INFO] info - SERVER UP 8080
[2021-11-14T02:18:47.183] [INFO] info - SERVER UP 8080
[2021-11-14T02:23:37.747] [INFO] info - SERVER UP 8080
[2021-11-14T02:25:13.543] [INFO] info - SERVER UP 8080
[2021-11-14T02:26:31.673] [INFO] info - SERVER UP 8080
[2021-11-14T02:28:10.996] [INFO] info - SERVER UP 8080
[2021-11-14T02:29:18.925] [INFO] info - SERVER UP 8080
[2021-11-14T02:30:29.204] [INFO] info - SERVER UP 8080
[2021-11-14T02:45:57.087] [INFO] info - SERVER UP 8080
[2021-11-14T02:48:09.054] [INFO] info - SERVER UP 8080
[2021-11-14T03:25:01.803] [INFO] info - SERVER UP 8080
[2021-11-14T10:50:42.220] [INFO] info - SERVER UP 8080
[2021-11-14T11:19:34.567] [INFO] info - SERVER UP 8080
[2021-11-14T11:21:10.923] [INFO] info - SERVER UP 8080
[2021-11-14T11:21:23.983] [INFO] info - User log ignaciokakazu@gmail.com
[2021-11-14T11:31:34.584] [INFO] info - SERVER UP 8080
[2021-11-14T11:37:31.060] [INFO] info - User log ignaciokakazu@gmail.com
[2021-11-14T11:37:31.063] [WARN] info - Login Fail for username ${username}: Password is not valid
[2021-11-14T11:37:41.053] [INFO] info - User log ignaciokakazu@gmail.com
[2021-11-14T11:37:41.054] [WARN] info - Login Fail for username ${username}: Password is not valid
[2021-11-14T11:42:09.960] [INFO] info - User log ignaciokakazu@gmail.com
[2021-11-14T11:42:09.961] [WARN] info - Login Fail for username ${username}: Password is not valid
[2021-11-14T11:43:02.120] [INFO] info - User log ignaciokakazu@gmail.com
[2021-11-14T11:43:02.121] [WARN] info - Login Fail for username ${username}: Password is not valid
[2021-11-14T12:03:56.005] [INFO] info - SERVER UP 8080
[2021-11-14T12:05:02.117] [INFO] info - User log ignaciokakazu@gmail.com
[2021-11-14T12:05:02.119] [WARN] info - Login Fail for username ${username}: Password is not valid
[2021-11-14T12:05:09.769] [INFO] info - User log ignaciokakazu@gmail.com
[2021-11-14T12:05:09.770] [WARN] info - Login Fail for username ${username}: Password is not valid
[2021-11-14T12:09:55.250] [INFO] info - SERVER UP 8080
[2021-11-14T12:09:59.466] [INFO] info - User log ignaciokakazu@gmail.com
[2021-11-14T12:09:59.468] [WARN] info - Signup Fail for username ignaciokakazu@gmail.com: Username or email already exists
[2021-11-14T12:11:16.547] [INFO] info - SERVER UP 8080
[2021-11-14T12:11:22.991] [INFO] info - User log ignaciokakazu@gmail.com
[2021-11-14T12:11:22.994] [WARN] info - Login Fail for username ${username}: Password is not valid
[2021-11-14T12:11:27.316] [INFO] info - User log ignaciokakazu@gmail.com
[2021-11-14T12:11:27.317] [WARN] info - Login Fail for username ${username}: Password is not valid
[2021-11-14T12:11:58.874] [INFO] info - SERVER UP 8080
[2021-11-14T12:12:17.873] [INFO] info - User log ignaciokakazu@gmail.com
[2021-11-14T12:12:17.877] [WARN] info - Login Fail for username ${username}: Password is not valid
[2021-11-14T12:13:21.737] [INFO] info - User log ignaciokakazu@gmail.com
[2021-11-14T12:13:21.740] [WARN] info - Login Fail for username ${username}: Password is not valid
[2021-11-14T12:13:35.871] [INFO] info - User log ignaciokakazu@gmail.com
[2021-11-14T12:13:35.873] [WARN] info - Login Fail for username ${username}: Password is not valid
[2021-11-14T12:14:39.176] [INFO] info - SERVER UP 8080
[2021-11-14T12:15:18.645] [INFO] info - SERVER UP 8080
[2021-11-14T12:15:22.976] [INFO] info - User log ignaciokakazu@gmail.com
[2021-11-14T12:15:22.981] [WARN] info - Login Fail for username ${username}: Password is not valid
[2021-11-14T12:17:19.689] [INFO] info - SERVER UP 8080
[2021-11-14T12:17:24.821] [INFO] info - User log ignaciokakazu@gmail.com
[2021-11-14T12:17:24.827] [WARN] info - Login Fail for username ${username}: Password is not valid
[2021-11-14T12:18:19.924] [INFO] info - SERVER UP 8080
[2021-11-14T12:18:25.126] [INFO] info - User log ignaciokakazu@gmail.com
[2021-11-14T12:18:25.132] [WARN] info - Login Fail for username ${username}: Password is not valid
[2021-11-14T12:19:09.870] [INFO] info - SERVER UP 8080
[2021-11-14T12:19:31.218] [INFO] info - SERVER UP 8080
[2021-11-14T12:19:39.718] [INFO] info - User log ignaciokakazu@gmail.com
[2021-11-14T12:19:39.726] [WARN] info - Login Fail for username ${username}: Password is not valid
[2021-11-14T12:20:58.045] [INFO] info - SERVER UP 8080
[2021-11-14T12:21:02.080] [INFO] info - User log ignaciokakazu@gmail.com
[2021-11-14T12:21:02.090] [WARN] info - Login Fail for username ${username}: Password is not valid
[2021-11-14T12:25:06.876] [INFO] info - SERVER UP 8080
[2021-11-14T12:25:19.633] [INFO] info - User log ignaciokakazu@gmail.com
[2021-11-14T12:25:19.642] [WARN] info - Login Fail for username ${username}: Password is not valid
[2021-11-14T12:25:49.191] [INFO] info - SERVER UP 8080
[2021-11-14T12:25:53.298] [INFO] info - User log ignaciokakazu@gmail.com
[2021-11-14T12:25:53.302] [WARN] info - Login Fail for username ${username}: Password is not valid
[2021-11-14T12:26:34.585] [INFO] info - SERVER UP 8080
[2021-11-14T12:26:39.472] [INFO] info - User log ignaciokakazu@gmail.com
[2021-11-14T12:26:39.482] [WARN] info - Login Fail for username ${username}: Password is not valid
[2021-11-14T12:27:09.631] [INFO] info - SERVER UP 8080
[2021-11-14T12:27:13.693] [INFO] info - User log ignaciokakazu@gmail.com
[2021-11-14T12:27:13.702] [WARN] info - Login Fail for username ${username}: Password is not valid
[2021-11-14T12:30:24.020] [INFO] info - SERVER UP 8080
[2021-11-14T12:30:28.109] [INFO] info - User log ignaciokakazu@gmail.com
[2021-11-14T12:30:28.118] [WARN] info - Login Fail for username ${username}: Password is not valid
[2021-11-14T12:30:50.847] [INFO] info - SERVER UP 8080
[2021-11-14T12:30:54.927] [INFO] info - User log ignaciokakazu@gmail.com
[2021-11-14T12:30:54.935] [WARN] info - Login Fail for username ${username}: Password is not valid
[2021-11-14T12:31:34.731] [INFO] info - User log ignaciokakazuaa@gmail.com
[2021-11-14T12:31:34.733] [INFO] info - Usuario ignaciokakazuaa@gmail.com dado de alta Sun Nov 14 2021 12:31:34 GMT-0300 (hora estándar de Argentina)
[2021-11-14T12:31:38.499] [INFO] info - User log ignaciokakazuaa@gmail.com
[2021-11-14T12:31:38.499] [INFO] info - Usuario ignaciokakazuaa@gmail.com dado de alta Sun Nov 14 2021 12:31:38 GMT-0300 (hora estándar de Argentina)
[2021-11-14T12:31:49.958] [INFO] info - User log ignaciokakazuaa@gmail.com
[2021-11-14T12:31:49.959] [WARN] info - Login Fail for username ignaciokakazuaa@gmail.com: User does not exist
[2021-11-14T12:33:31.056] [INFO] info - SERVER UP 8080
[2021-11-14T12:39:38.030] [INFO] info - User log ignaciokakazuaa@gmail.com
[2021-11-14T12:39:38.032] [WARN] info - Login Fail for username ignaciokakazuaa@gmail.com: User does not exist
[2021-11-14T12:49:47.375] [INFO] info - SERVER UP 8080
[2021-11-14T12:50:46.269] [INFO] info - SERVER UP 8080
[2021-11-14T12:52:23.224] [INFO] info - SERVER UP 8080
[2021-11-14T12:53:56.479] [INFO] info - SERVER UP 8080
[2021-11-14T12:54:01.547] [INFO] info - User log ignaciokakazu@gmail.com
[2021-11-14T12:54:01.556] [WARN] info - Login Fail for username ${username}: Password is not valid
[2021-11-14T12:54:03.081] [INFO] info - User log ignaciokakazu@gmail.com
[2021-11-14T12:54:03.086] [WARN] info - Login Fail for username ${username}: Password is not valid
[2021-11-14T12:54:11.760] [INFO] info - User log ignaciokakazu@gmail.com
[2021-11-14T12:54:11.761] [INFO] info - Error. Usuario existente
[2021-11-14T12:54:17.873] [INFO] info - User log ignaciokakazu@gmail.com
[2021-11-14T12:54:17.873] [INFO] info - Error. Usuario existente
[2021-11-14T12:54:23.949] [INFO] info - User log ignaciokakazu1@gmail.com
[2021-11-14T12:54:23.951] [INFO] info - Usuario ignaciokakazu1@gmail.com dado de alta Sun Nov 14 2021 12:54:23 GMT-0300 (hora estándar de Argentina)
[2021-11-14T12:56:04.729] [INFO] info - SERVER UP 8080
[2021-11-14T12:56:20.517] [INFO] info - User log ignaciokakazu1@gmail.com
[2021-11-14T12:56:20.520] [INFO] info - Usuario ignaciokakazu1@gmail.com dado de alta Sun Nov 14 2021 12:56:20 GMT-0300 (hora estándar de Argentina)
[2021-11-14T12:56:20.636] [INFO] info - New user [object Object]
[2021-11-14T12:56:48.054] [INFO] info - User log ignaciokakazu1@gmail.com
[2021-11-14T12:56:48.063] [WARN] info - Login Fail for username ${username}: Password is not valid
[2021-11-14T12:57:16.208] [INFO] info - User log ignaciokakazu@gmail.com
[2021-11-14T12:57:16.209] [INFO] info - Error. Usuario existente
[2021-11-14T12:57:24.789] [INFO] info - User log ignaciokakazu1@gmail.com
[2021-11-14T12:57:24.794] [WARN] info - Login Fail for username ${username}: Password is not valid
[2021-11-14T12:59:39.460] [INFO] info - SERVER UP 8080
[2021-11-14T12:59:43.555] [INFO] info - User log ignaciokakazu1@gmail.com
[2021-11-14T12:59:43.564] [WARN] info - Login Fail for username ${username}: Password is not valid
[2021-11-14T12:59:50.637] [INFO] info - User log ignaciokakazu1@gmail.com
[2021-11-14T12:59:50.643] [WARN] info - Login Fail for username ${username}: Password is not valid
[2021-11-14T12:59:55.968] [INFO] info - User log ignaciokakazu1@gmail.com
[2021-11-14T12:59:55.974] [WARN] info - Login Fail for username ${username}: Password is not valid
[2021-11-14T13:00:57.198] [INFO] info - SERVER UP 8080
[2021-11-14T13:01:01.600] [INFO] info - User log ignaciokakazu1@gmail.com
[2021-11-14T13:01:01.610] [WARN] info - Login Fail for username ${username}: Password is not valid
[2021-11-14T13:02:28.611] [INFO] info - SERVER UP 8080
[2021-11-14T13:02:34.093] [INFO] info - User log ignaciokakazu1@gmail.com
[2021-11-14T13:02:34.313] [INFO] info - User ignaciokakazu1@gmail.com logged in at Sun Nov 14 2021 13:02:34 GMT-0300 (hora estándar de Argentina)
[2021-11-14T13:03:22.087] [INFO] info - SERVER UP 8080
[2021-11-14T13:03:26.036] [INFO] info - User log ignaciokakazu1@gmail.com
[2021-11-14T13:03:26.232] [WARN] info - Login Fail for username ${username}: Password is not valid
[2021-11-14T13:03:43.907] [INFO] info - User log ignaciokakazu1@gmail.com
[2021-11-14T13:03:44.100] [WARN] info - Login Fail for username ${username}: Password is not valid
[2021-11-14T13:04:16.353] [INFO] info - SERVER UP 8080
[2021-11-14T13:04:20.463] [INFO] info - User log ignaciokakazu1@gmail.com
[2021-11-14T13:04:20.664] [WARN] info - Login Fail for username ${username}: Password is not valid
[2021-11-14T13:04:28.269] [INFO] info - User log ignaciokakazu1@gmail.com
[2021-11-14T13:04:28.474] [WARN] info - Login Fail for username ${username}: Password is not valid
[2021-11-14T13:05:17.149] [INFO] info - SERVER UP 8080
[2021-11-14T13:05:53.819] [INFO] info - SERVER UP 8080
[2021-11-14T13:05:59.152] [INFO] info - User log ignaciokakazu1@gmail.com
[2021-11-14T13:05:59.484] [WARN] info - Login Fail for username ${username}: Password is not valid
[2021-11-14T13:06:47.143] [INFO] info - SERVER UP 8080
[2021-11-14T13:06:51.359] [INFO] info - User log ignaciokakazu1@gmail.com
[2021-11-14T13:06:51.679] [WARN] info - Login Fail for username ${username}: Password is not valid
[2021-11-14T13:07:07.277] [INFO] info - User log ignaciokakazu1@gmail.com
[2021-11-14T13:07:07.593] [INFO] info - User ignaciokakazu1@gmail.com logged in at Sun Nov 14 2021 13:07:07 GMT-0300 (hora estándar de Argentina)
[2021-11-14T13:07:19.770] [INFO] info - User log ignaciokakazu1@gmail.com
[2021-11-14T13:07:20.088] [INFO] info - User ignaciokakazu1@gmail.com logged in at Sun Nov 14 2021 13:07:20 GMT-0300 (hora estándar de Argentina)
[2021-11-14T13:08:10.149] [INFO] info - User log ignaciokakazu1@gmail.com
[2021-11-14T13:08:10.473] [WARN] info - Login Fail for username ${username}: Password is not valid
[2021-11-14T20:42:20.093] [INFO] info - SERVER UP 8080
[2021-11-14T20:43:46.683] [INFO] info - User log ignaciokakazu@gmail.com
[2021-11-14T20:43:47.129] [WARN] info - Login Fail for username ${username}: Password is not valid
[2021-11-14T20:44:09.629] [INFO] info - User log ignaciokakazu@gmail.com
[2021-11-14T20:44:09.909] [WARN] info - Login Fail for username ${username}: Password is not valid
[2021-11-14T20:44:20.629] [INFO] info - User log ignaciokakazu1@gmail.com
[2021-11-14T20:44:20.925] [INFO] info - User ignaciokakazu1@gmail.com logged in at Sun Nov 14 2021 20:44:20 GMT-0300 (hora estándar de Argentina)
[2021-11-14T20:45:16.429] [INFO] info - SERVER UP 8080
[2021-11-14T20:46:33.489] [INFO] info - SERVER UP 8080
[2021-11-14T20:46:54.405] [INFO] info - User log ignaciokakazu1@gmail.com
[2021-11-14T20:46:54.688] [INFO] info - User ignaciokakazu1@gmail.com logged in at Sun Nov 14 2021 20:46:54 GMT-0300 (hora estándar de Argentina)
[2021-11-14T20:48:24.235] [INFO] info - SERVER UP 8080
[2021-11-14T20:48:31.129] [INFO] info - User log ignaciokakazu1@gmail.com
[2021-11-14T20:48:31.437] [INFO] info - User ignaciokakazu1@gmail.com logged in at Sun Nov 14 2021 20:48:31 GMT-0300 (hora estándar de Argentina)
[2021-11-14T20:51:37.246] [INFO] info - SERVER UP 8080
[2021-11-14T20:52:46.930] [INFO] info - User log ignaciokakazu1@gmail.com
[2021-11-14T20:52:47.211] [INFO] info - User ignaciokakazu1@gmail.com logged in at Sun Nov 14 2021 20:52:47 GMT-0300 (hora estándar de Argentina)
[2021-11-14T21:08:22.751] [INFO] info - SERVER UP 8080
[2021-11-14T21:12:00.038] [INFO] info - SERVER UP 8080
[2021-11-14T21:12:34.633] [INFO] info - User log ignaciokakazu1@gmail.com
[2021-11-14T21:12:34.967] [INFO] info - User ignaciokakazu1@gmail.com logged in at Sun Nov 14 2021 21:12:34 GMT-0300 (hora estándar de Argentina)
[2021-11-14T21:44:32.553] [INFO] info - User log ignaciokakazu1@gmail.com
[2021-11-14T21:44:32.904] [INFO] info - User ignaciokakazu1@gmail.com logged in at Sun Nov 14 2021 21:44:32 GMT-0300 (hora estándar de Argentina)
[2021-11-14T21:53:47.359] [INFO] info - SERVER UP 8080
[2021-11-14T21:53:57.737] [INFO] info - User log ignaciokakazu1@gmail.com
[2021-11-14T21:53:58.090] [INFO] info - User ignaciokakazu1@gmail.com logged in at Sun Nov 14 2021 21:53:58 GMT-0300 (hora estándar de Argentina)
[2021-11-14T21:54:46.820] [INFO] info - User log ignaciokakazu1@gmail.com
[2021-11-14T21:54:47.158] [WARN] info - Login Fail for username ${username}: Password is not valid
[2021-11-14T21:55:22.016] [INFO] info - SERVER UP 8080
[2021-11-14T21:56:16.867] [INFO] info - SERVER UP 8080
[2021-11-14T21:56:22.592] [INFO] info - User log ignaciokakazu1@gmail.com
[2021-11-14T21:56:22.905] [WARN] info - Login Fail for username ${username}: Password is not valid
[2021-11-14T21:56:33.018] [INFO] info - User log ignaciokakazu1@gmail.com
[2021-11-14T21:56:33.338] [INFO] info - User ignaciokakazu1@gmail.com logged in at Sun Nov 14 2021 21:56:33 GMT-0300 (hora estándar de Argentina)
[2021-11-14T21:57:34.834] [INFO] info - User log ignaciokakazu1@gmail.com
[2021-11-14T21:57:35.155] [INFO] info - User ignaciokakazu1@gmail.com logged in at Sun Nov 14 2021 21:57:35 GMT-0300 (hora estándar de Argentina)
[2021-11-14T21:59:04.275] [INFO] info - SERVER UP 8080
[2021-11-14T21:59:08.407] [INFO] info - User log ignaciokakazu1@gmail.com
[2021-11-14T21:59:08.716] [INFO] info - User ignaciokakazu1@gmail.com logged in at Sun Nov 14 2021 21:59:08 GMT-0300 (hora estándar de Argentina)
[2021-11-14T21:59:24.778] [INFO] info - User log ignaciokakazu1@gmail.com
[2021-11-14T21:59:25.138] [INFO] info - User ignaciokakazu1@gmail.com logged in at Sun Nov 14 2021 21:59:25 GMT-0300 (hora estándar de Argentina)
[2021-11-14T21:59:57.219] [INFO] info - SERVER UP 8080
[2021-11-14T22:00:14.415] [INFO] info - User log ignaciokakazu1@gmail.com
[2021-11-14T22:00:14.747] [INFO] info - User ignaciokakazu1@gmail.com logged in at Sun Nov 14 2021 22:00:14 GMT-0300 (hora estándar de Argentina)
[2021-11-14T22:00:44.258] [INFO] info - SERVER UP 8080
[2021-11-14T22:00:51.063] [INFO] info - User log ignaciokakazu1@gmail.com
[2021-11-14T22:00:51.403] [INFO] info - User ignaciokakazu1@gmail.com logged in at Sun Nov 14 2021 22:00:51 GMT-0300 (hora estándar de Argentina)
[2021-11-14T22:06:34.782] [INFO] info - SERVER UP 8080
[2021-11-14T22:06:41.141] [INFO] info - User log ignaciokakazu@gmail.com
[2021-11-14T22:06:41.465] [INFO] info - User ignaciokakazu@gmail.com logged in at Sun Nov 14 2021 22:06:41 GMT-0300 (hora estándar de Argentina)
[2021-11-14T22:11:08.131] [INFO] info - User log 12@gmail.com
[2021-11-14T22:11:08.134] [WARN] info - user does not exists 12@gmail.com
[2021-11-14T22:15:21.073] [INFO] info - SERVER UP 8080
[2021-11-14T22:15:23.747] [INFO] info - req.user=> undefined
[2021-11-14T22:15:23.833] [INFO] info - req.user=> undefined
[2021-11-14T22:15:23.837] [INFO] info - req.user=> undefined
[2021-11-14T22:15:23.845] [INFO] info - req.user=> undefined
[2021-11-14T22:15:23.847] [INFO] info - req.user=> undefined
[2021-11-14T22:15:30.059] [INFO] info - req.user=> undefined
[2021-11-14T22:15:30.262] [INFO] info - User log ignaciokakazu1@gmail.com
[2021-11-14T22:15:30.579] [INFO] info - User ignaciokakazu1@gmail.com logged in at Sun Nov 14 2021 22:15:30 GMT-0300 (hora estándar de Argentina)
[2021-11-14T22:16:24.491] [INFO] info - SERVER UP 8080
[2021-11-14T22:16:27.927] [INFO] info - req.user=> undefined
[2021-11-14T22:16:28.008] [INFO] info - req.user=> undefined
[2021-11-14T22:16:28.010] [INFO] info - req.user=> undefined
[2021-11-14T22:16:28.018] [INFO] info - req.user=> undefined
[2021-11-14T22:16:28.028] [INFO] info - req.user=> undefined
[2021-11-14T22:16:33.511] [INFO] info - req.user=> undefined
[2021-11-14T22:16:33.712] [INFO] info - User log ignaciokakazu1@gmail.com
[2021-11-14T22:16:34.044] [INFO] info - User ignaciokakazu1@gmail.com logged in at Sun Nov 14 2021 22:16:34 GMT-0300 (hora estándar de Argentina)
[2021-11-14T22:17:49.011] [INFO] info - SERVER UP 8080
[2021-11-14T22:17:51.350] [INFO] info - req.user=> undefined
[2021-11-14T22:17:51.426] [INFO] info - req.user=> undefined
[2021-11-14T22:17:51.428] [INFO] info - req.user=> undefined
[2021-11-14T22:17:51.430] [INFO] info - req.user=> undefined
[2021-11-14T22:17:51.437] [INFO] info - req.user=> undefined
[2021-11-14T22:17:57.271] [INFO] info - req.user=> undefined
[2021-11-14T22:17:57.470] [INFO] info - User log ignaciokakazu1@gmail.com
[2021-11-14T22:17:57.803] [INFO] info - User ignaciokakazu1@gmail.com logged in at Sun Nov 14 2021 22:17:57 GMT-0300 (hora estándar de Argentina)
[2021-11-14T22:23:07.705] [INFO] info - SERVER UP 8080
[2021-11-14T23:43:30.597] [INFO] info - SERVER UP 8080
[2021-11-14T23:43:32.194] [INFO] info - req.user=> undefined
[2021-11-14T23:43:32.275] [INFO] info - req.user=> undefined
[2021-11-14T23:43:32.278] [INFO] info - req.user=> undefined
[2021-11-14T23:43:32.288] [INFO] info - req.user=> undefined
[2021-11-14T23:43:32.290] [INFO] info - req.user=> undefined
[2021-11-14T23:43:46.193] [INFO] info - req.user=> undefined
[2021-11-14T23:43:46.389] [INFO] info - User log ignaciokakazu1@gmail.com
[2021-11-14T23:43:46.669] [INFO] info - User ignaciokakazu1@gmail.com logged in at Sun Nov 14 2021 23:43:46 GMT-0300 (hora estándar de Argentina)
[2021-11-14T23:48:26.180] [INFO] info - SERVER UP 8080
[2021-11-14T23:48:32.605] [INFO] info - req.user=> undefined
[2021-11-14T23:48:32.807] [INFO] info - User log ignaciokakazu1@gmail.com
[2021-11-14T23:48:33.138] [INFO] info - User ignaciokakazu1@gmail.com logged in at Sun Nov 14 2021 23:48:33 GMT-0300 (hora estándar de Argentina)
[2021-11-14T23:48:38.357] [INFO] info - req.user=> undefined
[2021-11-14T23:56:07.533] [INFO] info - SERVER UP 8080
[2021-11-14T23:56:20.542] [INFO] info - req.user=> undefined
[2021-11-14T23:56:22.362] [INFO] info - req.user=> undefined
[2021-11-14T23:56:26.982] [INFO] info - req.user=> undefined
[2021-11-14T23:56:27.185] [INFO] info - User log ignaciokakazu1@gmail.com
[2021-11-14T23:56:27.520] [INFO] info - User ignaciokakazu1@gmail.com logged in at Sun Nov 14 2021 23:56:27 GMT-0300 (hora estándar de Argentina)
[2021-11-14T23:56:31.246] [INFO] info - req.user=> undefined
[2021-11-14T23:57:15.579] [INFO] info - SERVER UP 8080
[2021-11-14T23:57:23.989] [INFO] info - req.user=> undefined
[2021-11-14T23:57:24.191] [INFO] info - User log ignaciokakazu1@gmail.com
[2021-11-14T23:57:24.521] [INFO] info - User ignaciokakazu1@gmail.com logged in at Sun Nov 14 2021 23:57:24 GMT-0300 (hora estándar de Argentina)
[2021-11-14T23:57:28.396] [INFO] info - req.user=> undefined
[2021-11-14T23:58:22.896] [INFO] info - SERVER UP 8080
[2021-11-14T23:58:26.718] [INFO] info - req.user=> undefined
[2021-11-14T23:58:26.790] [INFO] info - req.user=> undefined
[2021-11-14T23:58:26.798] [INFO] info - req.user=> undefined
[2021-11-14T23:58:26.800] [INFO] info - req.user=> undefined
[2021-11-14T23:58:26.815] [INFO] info - req.user=> undefined
[2021-11-14T23:58:32.997] [INFO] info - req.user=> undefined
[2021-11-14T23:58:33.199] [INFO] info - User log ignaciokakazu1@gmail.com
[2021-11-14T23:58:33.523] [INFO] info - User ignaciokakazu1@gmail.com logged in at Sun Nov 14 2021 23:58:33 GMT-0300 (hora estándar de Argentina)
[2021-11-14T23:58:37.433] [INFO] info - req.user=> undefined
[2021-11-15T00:42:12.584] [INFO] info - SERVER UP 8080
[2021-11-15T00:42:32.458] [INFO] info - deserialize
[2021-11-15T00:42:32.685] [INFO] info - req.user=> {"_id":"6191d4e97b6f310321d41c0d","username":"ignacio","email":"123456789ignac@gmail.com","password":"$2b$10$EqTzr4jQRswRaioAD7kUJOIM3PtnpbetxQt1cn9CAQvvI/e8QA372","firstName":"Ignacio","lastName":"Apellido","__v":0}
[2021-11-15T00:42:39.501] [INFO] info - deserialize
[2021-11-15T00:42:39.692] [INFO] info - req.user=> {"_id":"6191d4e97b6f310321d41c0d","username":"ignacio","email":"123456789ignac@gmail.com","password":"$2b$10$EqTzr4jQRswRaioAD7kUJOIM3PtnpbetxQt1cn9CAQvvI/e8QA372","firstName":"Ignacio","lastName":"Apellido","__v":0}
[2021-11-15T00:42:45.462] [INFO] info - deserialize
[2021-11-15T00:42:45.673] [INFO] info - req.user=> {"_id":"6191d4e97b6f310321d41c0d","username":"ignacio","email":"123456789ignac@gmail.com","password":"$2b$10$EqTzr4jQRswRaioAD7kUJOIM3PtnpbetxQt1cn9CAQvvI/e8QA372","firstName":"Ignacio","lastName":"Apellido","__v":0}
[2021-11-15T00:42:45.891] [INFO] info - User log ignaciokakazu1@gmail.com
[2021-11-15T00:42:46.252] [INFO] info - User ignaciokakazu1@gmail.com logged in at Mon Nov 15 2021 00:42:46 GMT-0300 (hora estándar de Argentina)
[2021-11-15T00:43:49.566] [INFO] info - req.user=> undefined
[2021-11-15T00:43:49.754] [INFO] info - User log ignaciokakazu1@gmail.com
[2021-11-15T00:43:50.056] [INFO] info - User ignaciokakazu1@gmail.com logged in at Mon Nov 15 2021 00:43:50 GMT-0300 (hora estándar de Argentina)
[2021-11-15T00:43:53.856] [INFO] info - req.user=> undefined
[2021-11-15T00:43:54.040] [INFO] info - User log ignaciokakazu1@gmail.com
[2021-11-15T00:43:54.358] [INFO] info - User ignaciokakazu1@gmail.com logged in at Mon Nov 15 2021 00:43:54 GMT-0300 (hora estándar de Argentina)
[2021-11-15T00:44:05.858] [INFO] info - req.user=> undefined
[2021-11-15T00:44:06.042] [INFO] info - User log ignaciokakazu1@gmail.com
[2021-11-15T00:44:06.369] [INFO] info - User ignaciokakazu1@gmail.com logged in at Mon Nov 15 2021 00:44:06 GMT-0300 (hora estándar de Argentina)
[2021-11-15T00:47:55.918] [INFO] info - SERVER UP 8080
[2021-11-15T00:49:03.012] [INFO] info - SERVER UP 8080
[2021-11-15T00:51:10.962] [INFO] info - SERVER UP 8080
[2021-11-15T00:51:15.507] [INFO] info - User log ignaciokakazu1@gmail.com
[2021-11-15T00:52:21.623] [INFO] info - SERVER UP 8080
[2021-11-15T00:52:25.675] [INFO] info - User log ignaciokakazu1@gmail.com
[2021-11-15T00:52:34.264] [INFO] info - req.user=> undefined
[2021-11-15T00:52:34.366] [INFO] info - req.user=> undefined
[2021-11-15T00:52:34.385] [INFO] info - req.user=> undefined
[2021-11-15T00:52:34.387] [INFO] info - req.user=> undefined
[2021-11-15T00:52:34.391] [INFO] info - req.user=> undefined
[2021-11-15T00:52:41.537] [INFO] info - req.user=> undefined
[2021-11-15T00:52:41.722] [INFO] info - User log ignaciokakazu1@gmail.com
[2021-11-15T00:52:42.041] [INFO] info - User ignaciokakazu1@gmail.com logged in at Mon Nov 15 2021 00:52:42 GMT-0300 (hora estándar de Argentina)
[2021-11-15T00:52:52.016] [INFO] info - req.user=> undefined
[2021-11-15T00:53:02.566] [INFO] info - req.user=> undefined
[2021-11-15T00:53:02.751] [INFO] info - User log ignaciokakazu1@gmail.com
[2021-11-15T00:53:03.097] [INFO] info - User ignaciokakazu1@gmail.com logged in at Mon Nov 15 2021 00:53:03 GMT-0300 (hora estándar de Argentina)
[2021-11-15T00:57:35.598] [INFO] info - SERVER UP 8080
[2021-11-15T00:57:40.260] [INFO] info - User log ignaciokakazu1@gmail.com
[2021-11-15T00:57:47.475] [INFO] info - req.user=> undefined
[2021-11-15T00:57:47.665] [INFO] info - User log ignaciokakazu1@gmail.com
[2021-11-15T00:57:48.013] [INFO] info - User ignaciokakazu1@gmail.com logged in at Mon Nov 15 2021 00:57:48 GMT-0300 (hora estándar de Argentina)
[2021-11-15T00:57:51.924] [INFO] info - req.user=> undefined
[2021-11-15T00:59:33.017] [INFO] info - SERVER UP 8080
[2021-11-15T00:59:37.276] [INFO] info - User log ignaciokakazu1@gmail.com
[2021-11-15T00:59:50.607] [INFO] info - req.user=> undefined
[2021-11-15T00:59:50.799] [INFO] info - User log ignaciokakazu1@gmail.com
[2021-11-15T00:59:51.108] [INFO] info - User ignaciokakazu1@gmail.com logged in at Mon Nov 15 2021 00:59:51 GMT-0300 (hora estándar de Argentina)
[2021-11-15T00:59:57.053] [INFO] info - req.user=> undefined
[2021-11-15T01:13:26.961] [INFO] info - SERVER UP 8080
[2021-11-15T01:13:31.078] [INFO] info - User log ignaciokakazu1@gmail.com
[2021-11-15T01:13:43.287] [INFO] info - req.user=> undefined
[2021-11-15T01:13:43.413] [INFO] info - req.user=> undefined
[2021-11-15T01:13:43.420] [INFO] info - req.user=> undefined
[2021-11-15T01:13:43.422] [INFO] info - req.user=> undefined
[2021-11-15T01:13:43.424] [INFO] info - req.user=> undefined
[2021-11-15T01:13:43.436] [INFO] info - req.user=> undefined
[2021-11-15T01:13:43.438] [INFO] info - req.user=> undefined
[2021-11-15T01:13:43.440] [INFO] info - req.user=> undefined
[2021-11-15T01:13:43.742] [INFO] info - req.user=> undefined
[2021-11-15T01:13:43.743] [INFO] info - req.user=> undefined
[2021-11-15T01:13:44.007] [INFO] info - req.user=> undefined
[2021-11-15T01:13:45.441] [INFO] info - req.user=> undefined
[2021-11-15T01:13:45.489] [INFO] info - req.user=> undefined
[2021-11-15T01:13:45.490] [INFO] info - req.user=> undefined
[2021-11-15T01:13:45.491] [INFO] info - req.user=> undefined
[2021-11-15T01:13:45.492] [INFO] info - req.user=> undefined
[2021-11-15T01:13:50.368] [INFO] info - req.user=> undefined
[2021-11-15T01:13:50.558] [INFO] info - User log ignaciokakazu1@gmail.com
[2021-11-15T01:13:50.905] [INFO] info - User ignaciokakazu1@gmail.com logged in at Mon Nov 15 2021 01:13:50 GMT-0300 (hora estándar de Argentina)
[2021-11-15T01:13:53.166] [INFO] info - req.user=> undefined
[2021-11-15T01:13:53.178] [INFO] info - req.user=> undefined
[2021-11-15T01:13:53.180] [INFO] info - req.user=> undefined
[2021-11-15T01:13:56.725] [INFO] info - req.user=> undefined
[2021-11-15T01:13:56.915] [INFO] info - User log ignaciokakazu1@gmail.com
[2021-11-15T01:13:57.230] [INFO] info - User ignaciokakazu1@gmail.com logged in at Mon Nov 15 2021 01:13:57 GMT-0300 (hora estándar de Argentina)
[2021-11-15T01:14:06.709] [INFO] info - req.user=> undefined
[2021-11-15T01:14:32.995] [INFO] info - req.user=> undefined
[2021-11-15T01:14:33.181] [INFO] info - User log ignaciokakazu1@gmail.com
[2021-11-15T01:14:33.475] [INFO] info - User ignaciokakazu1@gmail.com logged in at Mon Nov 15 2021 01:14:33 GMT-0300 (hora estándar de Argentina)
[2021-11-15T01:18:56.717] [INFO] info - SERVER UP 8080
[2021-11-15T01:19:00.872] [INFO] info - User log ignaciokakazu1@gmail.com
[2021-11-15T01:19:13.474] [INFO] info - req.user=> undefined
[2021-11-15T01:19:13.663] [INFO] info - User log ignaciokakazu1@gmail.com
[2021-11-15T01:19:13.974] [INFO] info - User ignaciokakazu1@gmail.com logged in at Mon Nov 15 2021 01:19:13 GMT-0300 (hora estándar de Argentina)
[2021-11-15T01:19:16.804] [INFO] info - req.user=> undefined
[2021-11-15T01:19:16.947] [INFO] info - req.user=> undefined
[2021-11-15T01:19:16.949] [INFO] info - req.user=> undefined
[2021-11-15T01:19:16.954] [INFO] info - req.user=> undefined
[2021-11-15T01:19:16.976] [INFO] info - req.user=> undefined
[2021-11-15T01:20:52.151] [INFO] info - SERVER UP 8080
[2021-11-15T01:20:56.308] [INFO] info - User log ignaciokakazu1@gmail.com
[2021-11-15T01:20:59.592] [INFO] info - req.user=> undefined
[2021-11-15T01:20:59.779] [INFO] info - User log ignaciokakazu1@gmail.com
[2021-11-15T01:21:00.093] [INFO] info - User ignaciokakazu1@gmail.com logged in at Mon Nov 15 2021 01:21:00 GMT-0300 (hora estándar de Argentina)
[2021-11-15T01:21:03.767] [INFO] info - req.user=> undefined
[2021-11-15T01:27:53.399] [INFO] info - SERVER UP 8080
[2021-11-15T01:27:56.919] [INFO] info - req.user=> undefined
[2021-11-15T01:27:56.995] [INFO] info - req.user=> undefined
[2021-11-15T01:27:57.012] [INFO] info - req.user=> undefined
[2021-11-15T01:27:57.016] [INFO] info - req.user=> undefined
[2021-11-15T01:27:57.020] [INFO] info - req.user=> undefined
[2021-11-15T01:28:07.037] [INFO] info - req.user=> undefined
[2021-11-15T01:28:07.231] [INFO] info - User log ignaciokakazu1@gmail.com
[2021-11-15T01:28:07.544] [INFO] info - User ignaciokakazu1@gmail.com logged in at Mon Nov 15 2021 01:28:07 GMT-0300 (hora estándar de Argentina)
[2021-11-15T01:28:10.871] [INFO] info - req.user=> undefined
[2021-11-15T01:37:27.212] [INFO] info - SERVER UP 8080
[2021-11-15T01:37:46.456] [INFO] info - req.user=> undefined
[2021-11-15T01:37:46.521] [INFO] info - req.user=> undefined
[2021-11-15T01:37:46.534] [INFO] info - req.user=> undefined
[2021-11-15T01:37:46.536] [INFO] info - req.user=> undefined
[2021-11-15T01:37:46.542] [INFO] info - req.user=> undefined
[2021-11-15T01:37:54.870] [INFO] info - req.user=> undefined
[2021-11-15T01:37:55.074] [INFO] info - User log ignaciokakazu1@gmail.com
[2021-11-15T01:37:55.399] [INFO] info - User ignaciokakazu1@gmail.com logged in at Mon Nov 15 2021 01:37:55 GMT-0300 (hora estándar de Argentina)
[2021-11-15T01:37:59.274] [INFO] info - req.user=> undefined
[2021-11-15T01:39:30.987] [INFO] info - req.user=> undefined
[2021-11-15T01:39:31.078] [INFO] info - req.user=> undefined
[2021-11-15T01:39:31.080] [INFO] info - req.user=> undefined
[2021-11-15T01:39:31.087] [INFO] info - req.user=> undefined
[2021-11-15T01:39:31.091] [INFO] info - req.user=> undefined
[2021-11-15T01:40:04.856] [INFO] info - SERVER UP 8080
[2021-11-15T01:40:14.539] [INFO] info - req.user=> undefined
[2021-11-15T01:40:14.739] [INFO] info - User log ignaciokakazu1@gmail.com
[2021-11-15T01:40:15.062] [INFO] info - User ignaciokakazu1@gmail.com logged in at Mon Nov 15 2021 01:40:15 GMT-0300 (hora estándar de Argentina)
[2021-11-15T01:40:18.949] [INFO] info - req.user=> undefined
[2021-11-15T01:40:19.049] [INFO] info - req.user=> undefined
[2021-11-15T01:40:19.052] [INFO] info - req.user=> undefined
[2021-11-15T01:40:19.059] [INFO] info - req.user=> undefined
[2021-11-15T01:40:19.063] [INFO] info - req.user=> undefined
[2021-11-15T08:41:46.593] [INFO] info - SERVER UP 8080
[2021-11-15T08:44:08.380] [INFO] info - req.user=> undefined
[2021-11-15T08:44:08.486] [INFO] info - req.user=> undefined
[2021-11-15T08:44:08.488] [INFO] info - req.user=> undefined
[2021-11-15T08:44:08.491] [INFO] info - req.user=> undefined
[2021-11-15T08:44:08.493] [INFO] info - req.user=> undefined
[2021-11-15T08:44:08.494] [INFO] info - req.user=> undefined
[2021-11-15T08:44:08.495] [INFO] info - req.user=> undefined
[2021-11-15T08:44:08.505] [INFO] info - req.user=> undefined
[2021-11-15T08:44:08.788] [INFO] info - req.user=> undefined
[2021-11-15T08:44:08.790] [INFO] info - req.user=> undefined
[2021-11-15T08:44:08.808] [INFO] info - req.user=> undefined
[2021-11-15T08:44:09.008] [INFO] info - req.user=> undefined
[2021-11-15T08:44:10.201] [INFO] info - req.user=> undefined
[2021-11-15T08:44:10.241] [INFO] info - req.user=> undefined
[2021-11-15T08:44:10.245] [INFO] info - req.user=> undefined
[2021-11-15T08:44:10.246] [INFO] info - req.user=> undefined
[2021-11-15T08:44:10.247] [INFO] info - req.user=> undefined
[2021-11-15T08:44:16.341] [INFO] info - req.user=> undefined
[2021-11-15T08:44:16.529] [INFO] info - User log ignaciokakazu1@gmail.com
[2021-11-15T08:44:16.856] [INFO] info - User ignaciokakazu1@gmail.com logged in at Mon Nov 15 2021 08:44:16 GMT-0300 (hora estándar de Argentina)
[2021-11-15T08:44:16.889] [INFO] info - req.user=> undefined
[2021-11-15T08:44:20.142] [INFO] info - req.user=> undefined
[2021-11-15T08:44:20.144] [INFO] info - req.user=> undefined
[2021-11-15T08:44:20.146] [INFO] info - req.user=> undefined
[2021-11-15T08:44:22.701] [INFO] info - req.user=> undefined
[2021-11-15T08:44:22.888] [INFO] info - User log ignaciokakazu1@gmail.com
[2021-11-15T08:44:23.222] [INFO] info - User ignaciokakazu1@gmail.com logged in at Mon Nov 15 2021 08:44:23 GMT-0300 (hora estándar de Argentina)
[2021-11-15T08:44:23.230] [INFO] info - req.user=> undefined
[2021-11-15T08:45:37.566] [INFO] info - req.user=> undefined
[2021-11-15T08:45:37.660] [INFO] info - req.user=> undefined
[2021-11-15T08:45:37.661] [INFO] info - req.user=> undefined
[2021-11-15T08:45:37.664] [INFO] info - req.user=> undefined
[2021-11-15T08:45:37.667] [INFO] info - req.user=> undefined
[2021-11-15T08:45:44.147] [INFO] info - req.user=> undefined
[2021-11-15T08:45:44.190] [INFO] info - req.user=> undefined
[2021-11-15T08:45:44.192] [INFO] info - req.user=> undefined
[2021-11-15T08:45:44.195] [INFO] info - req.user=> undefined
[2021-11-15T08:45:44.202] [INFO] info - req.user=> undefined
[2021-11-15T08:45:44.204] [INFO] info - req.user=> undefined
[2021-11-15T08:45:44.205] [INFO] info - req.user=> undefined
[2021-11-15T08:45:44.210] [INFO] info - req.user=> undefined
[2021-11-15T08:45:44.321] [INFO] info - req.user=> undefined
[2021-11-15T08:45:44.322] [INFO] info - req.user=> undefined
[2021-11-15T08:45:44.522] [INFO] info - req.user=> undefined
[2021-11-15T08:45:46.268] [INFO] info - req.user=> undefined
[2021-11-15T08:45:46.275] [INFO] info - req.user=> undefined
[2021-11-15T08:45:46.922] [INFO] info - req.user=> undefined
[2021-11-15T08:45:46.930] [INFO] info - req.user=> undefined
[2021-11-15T08:45:52.292] [INFO] info - req.user=> undefined
[2021-11-15T08:45:52.294] [INFO] info - req.user=> undefined
[2021-11-15T08:45:52.296] [INFO] info - req.user=> undefined
[2021-11-15T08:48:44.710] [INFO] info - req.user=> undefined
[2021-11-15T08:51:08.487] [INFO] info - SERVER UP 8080
[2021-11-15T08:55:32.811] [INFO] info - req.user=> undefined
[2021-11-15T08:55:47.224] [INFO] info - req.user=> undefined
[2021-11-15T08:56:04.866] [INFO] info - req.user=> undefined
[2021-11-15T08:56:08.418] [INFO] info - req.user=> undefined
[2021-11-15T08:56:08.519] [INFO] info - req.user=> undefined
[2021-11-15T08:56:08.526] [INFO] info - req.user=> undefined
[2021-11-15T08:56:08.528] [INFO] info - req.user=> undefined
[2021-11-15T08:56:08.532] [INFO] info - req.user=> undefined
[2021-11-15T08:56:11.072] [INFO] info - req.user=> undefined
[2021-11-15T08:56:23.578] [INFO] info - req.user=> undefined
[2021-11-15T09:04:44.930] [INFO] info - req.user=> undefined
[2021-11-15T09:04:44.975] [INFO] info - req.user=> undefined
[2021-11-15T09:04:44.976] [INFO] info - req.user=> undefined
[2021-11-15T09:04:44.978] [INFO] info - req.user=> undefined
[2021-11-15T09:04:44.981] [INFO] info - req.user=> undefined
[2021-11-15T09:04:53.045] [INFO] info - req.user=> undefined
[2021-11-15T09:04:53.232] [INFO] info - User log ignaciokakazu1@gmail.com
[2021-11-15T09:04:53.557] [INFO] info - User ignaciokakazu1@gmail.com logged in at Mon Nov 15 2021 09:04:53 GMT-0300 (hora estándar de Argentina)
[2021-11-15T09:04:55.969] [INFO] info - req.user=> undefined
[2021-11-15T09:04:55.974] [INFO] info - req.user=> undefined
[2021-11-15T09:04:55.980] [INFO] info - req.user=> undefined
[2021-11-15T09:05:02.741] [INFO] info - req.user=> undefined
[2021-11-15T09:05:02.928] [INFO] info - User log ignaciokakazu1@gmail.com
[2021-11-15T09:05:03.271] [INFO] info - User ignaciokakazu1@gmail.com logged in at Mon Nov 15 2021 09:05:03 GMT-0300 (hora estándar de Argentina)
[2021-11-15T09:05:11.361] [INFO] info - req.user=> undefined
[2021-11-15T09:05:11.429] [INFO] info - req.user=> undefined
[2021-11-15T09:05:11.431] [INFO] info - req.user=> undefined
[2021-11-15T09:05:11.433] [INFO] info - req.user=> undefined
[2021-11-15T09:05:11.437] [INFO] info - req.user=> undefined
[2021-11-15T09:08:16.418] [INFO] info - req.user=> undefined
[2021-11-15T09:08:16.608] [INFO] info - User log ignaciokakazu1@gmail.com
[2021-11-15T09:08:16.934] [INFO] info - User ignaciokakazu1@gmail.com logged in at Mon Nov 15 2021 09:08:16 GMT-0300 (hora estándar de Argentina)
[2021-11-15T09:10:34.064] [INFO] info - SERVER UP 8080
[2021-11-15T09:10:38.988] [INFO] info - req.user=> undefined
[2021-11-15T09:10:39.195] [INFO] info - User log ignaciokakazu1@gmail.com
[2021-11-15T09:10:39.529] [INFO] info - User ignaciokakazu1@gmail.com logged in at Mon Nov 15 2021 09:10:39 GMT-0300 (hora estándar de Argentina)
[2021-11-15T09:10:39.532] [INFO] info - seteo carrito nuevo para undefined
[2021-11-15T09:10:39.533] [INFO] info - undefined
[2021-11-15T09:10:39.533] [INFO] info - 
[2021-11-15T09:13:45.272] [INFO] info - SERVER UP 8080
[2021-11-15T09:13:51.636] [INFO] info - req.user=> undefined
[2021-11-15T09:13:51.834] [INFO] info - User log ignaciokakazu1@gmail.com
[2021-11-15T09:13:52.216] [INFO] info - User ignaciokakazu1@gmail.com logged in at Mon Nov 15 2021 09:13:52 GMT-0300 (hora estándar de Argentina)
[2021-11-15T09:13:52.221] [INFO] info - seteo carrito nuevo para undefined
[2021-11-15T09:13:52.222] [INFO] info - undefined
[2021-11-15T09:13:52.222] [INFO] info - 
[2021-11-15T09:16:06.327] [INFO] info - SERVER UP 8080
[2021-11-15T09:16:10.867] [INFO] info - req.user=> undefined
[2021-11-15T09:16:11.180] [INFO] info - User log ignaciokakazu1@gmail.com
[2021-11-15T09:16:11.549] [INFO] info - User ignaciokakazu1@gmail.com logged in at Mon Nov 15 2021 09:16:11 GMT-0300 (hora estándar de Argentina)
[2021-11-15T09:16:11.553] [INFO] info - seteo carrito nuevo para undefined
[2021-11-15T09:16:11.554] [INFO] info - undefined
[2021-11-15T09:16:11.554] [INFO] info - 
[2021-11-15T09:16:51.536] [INFO] info - SERVER UP 8080
[2021-11-15T09:16:53.961] [INFO] info - req.user=> undefined
[2021-11-15T09:16:55.609] [INFO] info - User log ignaciokakazu1@gmail.com
[2021-11-15T09:16:55.974] [INFO] info - User ignaciokakazu1@gmail.com logged in at Mon Nov 15 2021 09:16:55 GMT-0300 (hora estándar de Argentina)
[2021-11-15T09:16:55.978] [INFO] info - seteo carrito nuevo para undefined
[2021-11-15T09:16:55.979] [INFO] info - undefined
[2021-11-15T09:16:55.979] [INFO] info - 
[2021-11-15T09:18:33.539] [INFO] info - SERVER UP 8080
[2021-11-15T09:18:53.934] [INFO] info - req.user=> undefined
[2021-11-15T09:18:54.129] [INFO] info - User log ignaciokakazu1@gmail.com
[2021-11-15T09:18:54.441] [INFO] info - User ignaciokakazu1@gmail.com logged in at Mon Nov 15 2021 09:18:54 GMT-0300 (hora estándar de Argentina)
[2021-11-15T09:18:54.445] [INFO] info - seteo carrito nuevo para ignaciokakazu1@gmail.com
[2021-11-15T09:18:54.446] [INFO] info - undefined
[2021-11-15T09:18:54.447] [INFO] info - 
[2021-11-15T09:19:52.926] [INFO] info - SERVER UP 8080
[2021-11-15T09:29:00.398] [INFO] info - SERVER UP 8080
[2021-11-15T09:29:03.496] [INFO] info - req.user=> undefined
[2021-11-15T09:29:04.433] [INFO] info - User log ignaciokakazu1@gmail.com
[2021-11-15T09:29:04.728] [INFO] info - User ignaciokakazu1@gmail.com logged in at Mon Nov 15 2021 09:29:04 GMT-0300 (hora estándar de Argentina)
[2021-11-15T09:30:31.620] [INFO] info - SERVER UP 8080
[2021-11-15T09:30:34.866] [INFO] info - req.user=> undefined
[2021-11-15T09:30:35.751] [INFO] info - User log ignaciokakazu1@gmail.com
[2021-11-15T09:30:36.090] [INFO] info - User ignaciokakazu1@gmail.com logged in at Mon Nov 15 2021 09:30:36 GMT-0300 (hora estándar de Argentina)
[2021-11-15T09:30:36.276] [INFO] info - User log ignaciokakazu1@gmail.com
[2021-11-15T09:30:36.277] [INFO] info - seteo carrito nuevo para ignaciokakazu1@gmail.com
[2021-11-15T09:30:36.280] [INFO] info - undefined
[2021-11-15T09:30:36.280] [INFO] info - 
[2021-11-15T09:31:23.665] [INFO] info - SERVER UP 8080
[2021-11-15T09:31:27.056] [INFO] info - req.user=> undefined
[2021-11-15T09:31:27.988] [INFO] info - User log ignaciokakazu1@gmail.com
[2021-11-15T09:31:28.344] [INFO] info - User ignaciokakazu1@gmail.com logged in at Mon Nov 15 2021 09:31:28 GMT-0300 (hora estándar de Argentina)
[2021-11-15T09:31:28.535] [INFO] info - User log ignaciokakazu1@gmail.com
[2021-11-15T09:31:28.536] [INFO] info - seteo carrito nuevo para ignaciokakazu1@gmail.com
[2021-11-15T09:31:28.538] [INFO] info - undefined
[2021-11-15T09:31:28.539] [INFO] info - 
[2021-11-15T09:35:42.511] [INFO] info - SERVER UP 8080
[2021-11-15T09:36:13.010] [INFO] info - req.user=> undefined
[2021-11-15T09:36:13.207] [INFO] info - User log ignaciokakazu1@gmail.com
[2021-11-15T09:36:13.558] [INFO] info - User ignaciokakazu1@gmail.com logged in at Mon Nov 15 2021 09:36:13 GMT-0300 (hora estándar de Argentina)
[2021-11-15T09:36:13.745] [INFO] info - User log ignaciokakazu1@gmail.com
[2021-11-15T09:36:13.746] [INFO] info - seteo carrito nuevo para ignaciokakazu1@gmail.com
[2021-11-15T09:36:13.747] [INFO] info - undefined
[2021-11-15T09:36:13.748] [INFO] info - 
